[
    {
	className => '0',
	url => 'events-entertainment/trio-con-brio',
	allDay => 'false',
	title => 'Trio Con Brio',
	end => '2011-01-08T22:00:00',
	start => '2011-01-08T19:00:00'
    },
    {
	className => '0',
	url => 'events-entertainment/the-robinson-quintet9',
	allDay => 'false',
	title => 'The Robinson Quintet',
	end => '2011-01-01T22:00:00',
	start => '2011-01-01T19:00:00'
    },
    {
	className => '2',
	url => 'events-entertainment/dr-tone-and-the-notes',
	allDay => 'false',
	title => 'Dr Tone and the Notes',
	end => '2011-01-07T22:00:00',
	start => '2011-01-07T19:00:00'
    },
    {
	className => '2',
	url => 'events-entertainment/mestizo3',
	allDay => 'false',
	title => 'Mestizo',
	end => '2010-12-30T21:30:00',
	start => '2010-12-30T18:30:00'
    },
    {
	className => '2',
	url => 'events-entertainment/jubal',
	allDay => 'false',
	title => 'Jubal',
	end => '2011-01-13T21:30:00',
	start => '2011-01-13T18:30:00'
    },
    {
	className => '2',
	url => 'events-entertainment/taarka',
	allDay => 'false',
	title => 'Taarka',
	end => '2011-01-19T21:30:00',
	start => '2011-01-19T18:30:00'
    },
    {
	className => '2',
	url => 'events-entertainment/the-prestige',
	allDay => 'false',
	title => 'The Prestige',
	end => '2011-01-09T22:30:00',
	start => '2011-01-09T19:30:00'
    },
    {
	className => '2',
	url => 'events-entertainment/terra-gatos4',
	allDay => 'false',
	title => 'Terra Gatos',
	end => '2011-01-12T21:30:00',
	start => '2011-01-12T18:30:00'
    },
    {
	className => '2',
	url => 'events-entertainment/catfish-kray',
	allDay => 'false',
	title => 'Catfish Kray',
	end => '2011-01-21T22:00:00',
	start => '2011-01-21T19:00:00'
    },
    {
	className => '2',
	url => 'events-entertainment/silent-bear',
	allDay => 'false',
	title => 'Silent Bear',
	end => '2011-01-06T21:30:00',
	start => '2011-01-06T18:30:00'
    },
    {
	className => '2',
	url => 'events-entertainment/the-dream-doctors',
	allDay => 'false',
	title => 'The Dream Doctors',
	end => '2011-01-14T22:00:00',
	start => '2011-01-14T19:00:00'
    },
    {
	className => '2',
	url => 'events-entertainment/monty-python-and-the-holy-grail',
	allDay => 'false',
	title => 'Monty Python and The Holy Grail',
	end => '2011-01-02T21:01:00',
	start => '2011-01-02T19:30:00'
    },
    {
	className => '2',
	url => 'events-entertainment/chocolat',
	allDay => 'false',
	title => 'Chocolat',
	end => '2011-01-30T22:00:00',
	start => '2011-01-30T19:30:00'
    },
    {
	className => '2',
	url => 'events-entertainment/bilbao2',
	allDay => 'false',
	title => 'Bilbao',
	end => '2011-01-05T21:30:00',
	start => '2011-01-05T18:30:00'
    },
    {
	className => '2',
	url => 'events-entertainment/she-s-a-keeper',
	allDay => 'false',
	title => 'She\'s a Keeper',
	end => '2011-01-25T21:30:00',
	start => '2011-01-25T18:30:00'
    },
    {
	className => '2',
	url => 'events-entertainment/walk-the-line',
	allDay => 'false',
	title => 'Walk the Line',
	end => '2011-01-23T22:30:00',
	start => '2011-01-23T19:30:00'
    },
    {
	className => '2',
	url => 'events-entertainment/the-robinson-quintet7',
	allDay => 'false',
	title => 'The Robinson Quintet',
	end => '2011-01-22T22:00:00',
	start => '2011-01-22T19:00:00'
    },
    {
	className => '2',
	url => 'events-entertainment/magnolia-row',
	allDay => 'false',
	title => 'Magnolia Row',
	end => '2011-01-20T21:30:00',
	start => '2011-01-20T18:30:00'
    },
    {
	className => '2',
	url => 'events-entertainment/mestizo8',
	allDay => 'false',
	title => 'Mestizo',
	end => '2011-01-15T22:00:00',
	start => '2011-01-15T19:00:00'
    },
    {
	className => '2',
	url => 'events-entertainment/jack-hadley-band',
	allDay => 'false',
	title => 'Jack Hadley Band',
	end => '2011-01-29T22:00:00',
	start => '2011-01-29T19:00:00'
    },
    {
	className => '2',
	url => 'events-entertainment/sambadende4',
	allDay => 'false',
	title => 'Sambadende',
	end => '2011-01-28T22:00:00',
	start => '2011-01-28T19:00:00'
    },
    {
	className => '2',
	url => 'events-entertainment/prohibition-six',
	allDay => 'false',
	title => 'Prohibition Six',
	end => '2011-01-27T21:30:00',
	start => '2011-01-27T18:30:00'
    },
    {
	className => '2',
	url => 'events-entertainment/50-first-dates',
	allDay => 'false',
	title => '50 First Dates',
	end => '2011-01-16T22:30:00',
	start => '2011-01-16T19:30:00'
    },
    {
	className => '2',
	url => 'events-entertainment/mestizo9',
	allDay => 'false',
	title => 'Mestizo',
	end => '2011-01-26T21:30:00',
	start => '2011-01-26T18:30:00'
    }
];
